<?xml version="1.0" encoding="UTF-8"?>
<testsuite name="com.openclassrooms.entrevoisins.service.NeighbourServiceTest" tests="1" skipped="0" failures="0" errors="0" timestamp="2022-03-15T12:52:15" hostname="MacBook-Air-de-Florian.local" time="0.001">
  <properties/>
  <testcase name="removeNeighbourToFavoriteWithSuccess" classname="com.openclassrooms.entrevoisins.service.NeighbourServiceTest" time="0.001"/>
  <system-out><![CDATA[]]></system-out>
  <system-err><![CDATA[]]></system-err>
</testsuite>
