<?xml version="1.0" encoding="UTF-8"?>
<testsuite name="com.openclassrooms.entrevoisins.service.NeighbourServiceTest" tests="5" skipped="0" failures="0" errors="0" timestamp="2022-03-16T10:57:07" hostname="MacBook-Air-de-Florian.local" time="0.004">
  <properties/>
  <testcase name="getListFavNeighbourNotEmpty" classname="com.openclassrooms.entrevoisins.service.NeighbourServiceTest" time="0.002"/>
  <testcase name="deleteNeighbourWithSuccess" classname="com.openclassrooms.entrevoisins.service.NeighbourServiceTest" time="0.0"/>
  <testcase name="removeNeighbourToFavoriteWithSuccess" classname="com.openclassrooms.entrevoisins.service.NeighbourServiceTest" time="0.0"/>
  <testcase name="addNeighbourToFavoriteWithSuccess" classname="com.openclassrooms.entrevoisins.service.NeighbourServiceTest" time="0.0"/>
  <testcase name="getNeighboursWithSuccess" classname="com.openclassrooms.entrevoisins.service.NeighbourServiceTest" time="0.001"/>
  <system-out><![CDATA[]]></system-out>
  <system-err><![CDATA[]]></system-err>
</testsuite>
